<?xml version="1.0" encoding="UTF-8"?>
<testng-results skipped="0" failed="0" ignored="0" total="2" passed="2">
  <reporter-output>
  </reporter-output>
  <suite name="Default suite" duration-ms="87765" started-at="2019-02-08T18:36:57Z" finished-at="2019-02-08T18:38:25Z">
    <groups>
    </groups>
    <test name="Default test" duration-ms="87765" started-at="2019-02-08T18:36:57Z" finished-at="2019-02-08T18:38:25Z">
      <class name="TestPackage.selectRFEPage">
        <test-method status="PASS" signature="setUp()[pri:0, instance:TestPackage.selectRFEPage@57536d79]" name="setUp" is-config="true" duration-ms="20543" started-at="2019-02-08T18:36:57Z" finished-at="2019-02-08T18:37:17Z">
          <reporter-output>
          </reporter-output>
        </test-method> <!-- setUp -->
        <test-method status="PASS" signature="verifyValidLogin()[pri:0, instance:TestPackage.selectRFEPage@57536d79]" name="verifyValidLogin" duration-ms="6632" started-at="2019-02-08T18:37:17Z" finished-at="2019-02-08T18:37:24Z">
          <reporter-output>
          </reporter-output>
        </test-method> <!-- verifyValidLogin -->
        <test-method status="PASS" signature="createRFE()[pri:0, instance:TestPackage.selectRFEPage@57536d79]" name="createRFE" duration-ms="60543" started-at="2019-02-08T18:37:24Z" finished-at="2019-02-08T18:38:25Z">
          <reporter-output>
          </reporter-output>
        </test-method> <!-- createRFE -->
      </class> <!-- TestPackage.selectRFEPage -->
    </test> <!-- Default test -->
  </suite> <!-- Default suite -->
</testng-results>
